0 info it worked if it ends with ok
1 verbose cli [ 'C:\\Program Files\\nodejs\\node.exe',
1 verbose cli   'C:\\Users\\LIMBERT\\AppData\\Roaming\\npm\\node_modules\\npm\\bin\\npm-cli.js',
1 verbose cli   'install',
1 verbose cli   '--save',
1 verbose cli   'PACKAGE_NAME' ]
2 info using npm@2.13.4
3 info using node@v6.2.2
4 verbose install initial load of C:\wamp\www\gps\package.json
5 verbose installManyTop reading scoped package data from C:\wamp\www\gps\node_modules\body-parser\package.json
6 verbose installManyTop reading scoped package data from C:\wamp\www\gps\node_modules\cookie-parser\package.json
7 verbose installManyTop reading scoped package data from C:\wamp\www\gps\node_modules\debug\package.json
8 verbose installManyTop reading scoped package data from C:\wamp\www\gps\node_modules\express\package.json
9 verbose installManyTop reading scoped package data from C:\wamp\www\gps\node_modules\jade\package.json
10 verbose installManyTop reading scoped package data from C:\wamp\www\gps\node_modules\morgan\package.json
11 verbose installManyTop reading scoped package data from C:\wamp\www\gps\node_modules\serve-favicon\package.json
12 verbose readDependencies loading dependencies from C:\wamp\www\gps\package.json
13 silly cache add args [ 'PACKAGE_NAME', null ]
14 verbose cache add spec PACKAGE_NAME
15 silly cache add parsed spec Result {
15 silly cache add   raw: 'PACKAGE_NAME',
15 silly cache add   scope: null,
15 silly cache add   name: 'PACKAGE_NAME',
15 silly cache add   rawSpec: '',
15 silly cache add   spec: '*',
15 silly cache add   type: 'range' }
16 silly addNamed PACKAGE_NAME@*
17 verbose addNamed "*" is a valid semver range for PACKAGE_NAME
18 silly addNameRange { name: 'PACKAGE_NAME', range: '*', hasData: false }
19 silly mapToRegistry name PACKAGE_NAME
20 silly mapToRegistry using default registry
21 silly mapToRegistry registry http://registry.npmjs.org/
22 silly mapToRegistry uri http://registry.npmjs.org/PACKAGE_NAME
23 verbose addNameRange registry:http://registry.npmjs.org/PACKAGE_NAME not in flight; fetching
24 verbose request uri http://registry.npmjs.org/PACKAGE_NAME
25 verbose request no auth needed
26 info attempt registry request try #1 at 18:40:20
27 verbose request id 46f48488abc1d4e3
28 http request GET http://registry.npmjs.org/PACKAGE_NAME
29 http 404 http://registry.npmjs.org/PACKAGE_NAME
30 verbose headers { 'content-type': 'application/json',
30 verbose headers   'cache-control': 'max-age=0',
30 verbose headers   'content-length': '2',
30 verbose headers   'accept-ranges': 'bytes',
30 verbose headers   date: 'Tue, 15 Nov 2016 22:40:29 GMT',
30 verbose headers   via: '1.1 varnish',
30 verbose headers   age: '0',
30 verbose headers   'x-served-by': 'cache-iad2145-IAD',
30 verbose headers   'x-cache': 'MISS, MISS from localhost',
30 verbose headers   'x-cache-hits': '0',
30 verbose headers   'x-timer': 'S1479249629.360225,VS0,VE411',
30 verbose headers   vary: 'Accept-Encoding',
30 verbose headers   'x-cache-lookup': 'MISS from localhost:3128',
30 verbose headers   connection: 'keep-alive' }
31 silly get cb [ 404,
31 silly get   { 'content-type': 'application/json',
31 silly get     'cache-control': 'max-age=0',
31 silly get     'content-length': '2',
31 silly get     'accept-ranges': 'bytes',
31 silly get     date: 'Tue, 15 Nov 2016 22:40:29 GMT',
31 silly get     via: '1.1 varnish',
31 silly get     age: '0',
31 silly get     'x-served-by': 'cache-iad2145-IAD',
31 silly get     'x-cache': 'MISS, MISS from localhost',
31 silly get     'x-cache-hits': '0',
31 silly get     'x-timer': 'S1479249629.360225,VS0,VE411',
31 silly get     vary: 'Accept-Encoding',
31 silly get     'x-cache-lookup': 'MISS from localhost:3128',
31 silly get     connection: 'keep-alive' } ]
32 verbose stack Error: Registry returned 404 for GET on http://registry.npmjs.org/PACKAGE_NAME
32 verbose stack     at CachingRegistryClient.<anonymous> (C:\Users\LIMBERT\AppData\Roaming\npm\node_modules\npm\node_modules\npm-registry-client\lib\request.js:239:14)
32 verbose stack     at Request._callback (C:\Users\LIMBERT\AppData\Roaming\npm\node_modules\npm\node_modules\npm-registry-client\lib\request.js:170:14)
32 verbose stack     at Request.self.callback (C:\Users\LIMBERT\AppData\Roaming\npm\node_modules\npm\node_modules\request\request.js:198:22)
32 verbose stack     at emitTwo (events.js:106:13)
32 verbose stack     at Request.emit (events.js:191:7)
32 verbose stack     at Request.<anonymous> (C:\Users\LIMBERT\AppData\Roaming\npm\node_modules\npm\node_modules\request\request.js:1057:14)
32 verbose stack     at emitOne (events.js:101:20)
32 verbose stack     at Request.emit (events.js:188:7)
32 verbose stack     at IncomingMessage.<anonymous> (C:\Users\LIMBERT\AppData\Roaming\npm\node_modules\npm\node_modules\request\request.js:1003:12)
32 verbose stack     at emitNone (events.js:91:20)
33 verbose statusCode 404
34 verbose pkgid PACKAGE_NAME
35 verbose cwd C:\wamp\www\gps
36 error Windows_NT 6.3.9600
37 error argv "C:\\Program Files\\nodejs\\node.exe" "C:\\Users\\LIMBERT\\AppData\\Roaming\\npm\\node_modules\\npm\\bin\\npm-cli.js" "install" "--save" "PACKAGE_NAME"
38 error node v6.2.2
39 error npm  v2.13.4
40 error code E404
41 error 404 Registry returned 404 for GET on http://registry.npmjs.org/PACKAGE_NAME
41 error 404
41 error 404 'PACKAGE_NAME' is not in the npm registry.
41 error 404 Your package name is not valid, because
41 error 404
41 error 404  1. name can no longer contain capital letters
41 error 404 It was specified as a dependency of 'gps'
41 error 404
41 error 404 Note that you can also install from a
41 error 404 tarball, folder, http url, or git url.
42 verbose exit [ 1, true ]
